9/2/2009 1:29:25 PM
Inventory [c:\pwchange\inventory\inventory.csv]
Log [c:\pwchange\log\9-2-2009@13-25.log]
Username: [admin]
Existing Password: [XXX]
New Password: [XXX]

Device 1 of 16 : 172.16.5.2 : 1H582-51 : LOG6501000-5-1
Please enter login information for 172.16.5.2.
Username: admin
Password: 

SSH2 authentication failed due to bad username or password.

Device 2 of 16 : 172.16.6.2 : 1H582-51 : LOG6501000-6-1
Please enter login information for 172.16.6.2.
Username: admin
Password: 

SSH2 authentication failed due to bad username or password.

Device 3 of 16 : 172.16.7.2 : 1H582-51 : LOG6501000-7-1
Please enter login information for 172.16.7.2.
Username: admin
Password: 


****************************************
*                                      *
*          Matrix 1H582-51             *
*                                      *
*      Enterasys Networks, Inc.        *
*         50 Minuteman Road            *
*       Andover, MA 01810 USA          *
*                                      *
****************************************

Matrix>set password
 Old Password:*********
 New Password:*********
 Retype New Password:*********

Password changed.

Device 4 of 16 : 172.16.10.2 : 1H582-51 : LOG6501000-8-1
Please enter login information for 172.16.10.2.
Username: admin
Password: 


****************************************
*                                      *
*          Matrix 1H582-51             *
*                                      *
*      Enterasys Networks, Inc.        *
*         50 Minuteman Road            *
*       Andover, MA 01810 USA          *
*                                      *
****************************************

Matrix>set password
 Old Password:*********
 New Password:*********
 Retype New Password:*********

Password changed.

Device 5 of 16 : 172.16.19.2 : 1H582-51 : LOG6503000-19-1
Please enter login information for 172.16.19.2.
Username: admin
Password: 


****************************************
*                                      *
*          Matrix 1H582-51             *
*                                      *
*      Enterasys Networks, Inc.        *
*         50 Minuteman Road            *
*       Andover, MA 01810 USA          *

SSH2 authentication timed out.

Device 6 of 16 : 172.16.14.2 : 1H582-51 : LOG6503000-14-1
Please enter login information for 172.16.14.2.
Username: admin
Password: 


****************************************
*                                      *
*          Matrix 1H582-51             *
*                                      *
*      Enterasys Networks, Inc.        *
*         50 Minuteman Road            *
*       Andover, MA 01810 USA          *
*                                      *
****************************************

Matrix>set password
 Old Password:*********
 New Password:*********
 Retype New Password:*********

Password changed.

Device 7 of 16 : 172.16.15.2 : 1H582-51 : LOG6503000-15-1
Please enter login information for 172.16.15.2.
Username: admin
Password: 


****************************************
*                                      *
*          Matrix 1H582-51             *
*                                      *
*      Enterasys Networks, Inc.        *
*         50 Minuteman Road            *
*       Andover, MA 01810 USA          *
*                                      *
****************************************

Matrix>set password
 Old Password:*********
 New Password:*********
 Retype New Password:*********

Password changed.

Device 8 of 16 : 172.16.254.2 : 1H582-51 : LOG6503000-254-1
Please enter login information for 172.16.254.2.
Username: admin
Password: 

SSH2 authentication failed due to bad username or password.

Device 9 of 16 : 172.16.20.2 : 1H582-51 : LOG6503000-20-1
Please enter login information for 172.16.20.2.
Username: admin
Password: 


****************************************
*                                      *
*          Matrix 1H582-51             *
*                                      *
*      Enterasys Networks, Inc.        *
*         50 Minuteman Road            *
*       Andover, MA 01810 USA          *
*                                      *
****************************************

Matrix>set password
 Old Password:*********
 New Password:*********
 Retype New Password:*********

Password changed.

Device 10 of 16 : 172.16.21.2 : 1H582-51 : LOG6503000-21-1
Please enter login information for 172.16.21.2.
Username: admin
Password: 


****************************************
*                                      *
*          Matrix 1H582-51             *
*                                      *
*      Enterasys Networks, Inc.        *
*         50 Minuteman Road            *
*       Andover, MA 01810 USA          *
*                                      *
****************************************

Matrix>set password
 Old Password:*********
 New Password:*********
 Retype New Password:*********

Password changed.

Device 11 of 16 : 172.25.1.3 : 1H582-51 : LOC1-DMZ-1

No IP connectivity or inactive SSH2 server.

Device 12 of 16 : 172.16.255.3 : 1H582-51 : 

No IP connectivity or inactive SSH2 server.

Device 13 of 16 : 172.16.255.4 : 1H582-51 : 
Please enter login information for 172.16.255.4.
Username: admin
Password: 


****************************************
*                                      *
*          Matrix 1H582-51             *
*                                      *
*      Enterasys Networks, Inc.        *
*         50 Minuteman Road            *
*       Andover, MA 01810 USA          *
*                                      *
****************************************

Matrix>set password
 Old Password:*********
 New Password:*********
 Retype New Password:*********

Password changed.

Device 14 of 16 : 172.16.255.5 : 1H582-51 : LOC1-48-48-1
Please enter login information for 172.16.255.5.
Username: admin
Password: 


****************************************
*                                      *
*          Matrix 1H582-51             *
*                                      *
*      Enterasys Networks, Inc.        *
*         50 Minuteman Road            *
*       Andover, MA 01810 USA          *
*                                      *
****************************************

Matrix>set password
 Old Password:*********
 New Password:*********
 Retype New Password:*********

Password changed.

Device 15 of 16 : 172.16.255.6 : 1H582-51 : LOC1-9-30-1
Please enter login information for 172.16.255.6.
Username: admin
Password: 


****************************************
*                                      *
*          Matrix 1H582-51             *
*                                      *
*      Enterasys Networks, Inc.        *
*         50 Minuteman Road            *
*       Andover, MA 01810 USA          *
*                                      *
****************************************

Matrix>set password
 Old Password:*********
 New Password:*********
 Retype New Password:*********

Password changed.

Device 16 of 16 : 172.16.28.2 : 1H582-51 : LOG6501000-28-1
Please enter login information for 172.16.28.2.
Username: admin
Password: 


****************************************
*                                      *
*          Matrix 1H582-51             *
*                                      *
*      Enterasys Networks, Inc.        *
*         50 Minuteman Road            *
*       Andover, MA 01810 USA          *
*                                      *
****************************************

Matrix>set password
 Old Password:*********
 New Password:*********
 Retype New Password:*********

Password changed.

